d:\classes\csc473\a2\computeranimationtemplate2024\anim\debug\vc143.pdb
d:\classes\csc473\a2\computeranimationtemplate2024\anim\debug\vc143.idb
d:\classes\csc473\a2\computeranimationtemplate2024\anim\debug\anim.obj
d:\classes\csc473\a2\computeranimationtemplate2024\anim\debug\animtcl.obj
d:\classes\csc473\a2\computeranimationtemplate2024\anim\debug\baseobject.obj
d:\classes\csc473\a2\computeranimationtemplate2024\anim\debug\basesimulator.obj
d:\classes\csc473\a2\computeranimationtemplate2024\anim\debug\globalresourcemanager.obj
d:\classes\csc473\a2\computeranimationtemplate2024\anim\debug\myscene.obj
d:\classes\csc473\a2\computeranimationtemplate2024\anim\debug\resourcemanager.obj
d:\classes\csc473\a2\computeranimationtemplate2024\anim\debug\particlesimulator.obj
d:\classes\csc473\a2\computeranimationtemplate2024\anim\debug\particlesystem.obj
d:\classes\csc473\a2\computeranimationtemplate2024\anim\debug\basesystem.obj
d:\classes\csc473\a2\computeranimationtemplate2024\build\anim.exe
d:\classes\csc473\a2\computeranimationtemplate2024\anim\debug\anim.ilk
d:\classes\csc473\a2\computeranimationtemplate2024\build\animp.pdb
d:\classes\csc473\a2\computeranimationtemplate2024\anim\debug\springsystem.obj
d:\classes\csc473\a2\computeranimationtemplate2024\anim\debug\particlesimulator.obj.enc
d:\classes\csc473\a2\computeranimationtemplate2024\anim\debug\particlesystem.obj.enc
d:\classes\csc473\a2\computeranimationtemplate2024\anim\debug\anim.tlog\cl.read.1.tlog
d:\classes\csc473\a2\computeranimationtemplate2024\anim\debug\anim.tlog\cl.write.1.tlog
d:\classes\csc473\a2\computeranimationtemplate2024\anim\debug\anim.tlog\cl.command.1.tlog
d:\classes\csc473\a2\computeranimationtemplate2024\anim\debug\anim.tlog\link.read.1.tlog
d:\classes\csc473\a2\computeranimationtemplate2024\anim\debug\anim.tlog\link.write.1.tlog
d:\classes\csc473\a2\computeranimationtemplate2024\anim\debug\anim.tlog\link.command.1.tlog
d:\classes\csc473\a2\computeranimationtemplate2024\anim\debug\anim.tlog\cl.items.tlog
